<?xml version="1.0" encoding="UTF-8" ?>
<testsuite errors="0" failures="0" hostname="DESKTOP-S1JCM1O" name="org.gjt.sp.util.SyntaxUtilitiesTest" skipped="0" tests="24" time="0.057" timestamp="2021-09-23T02:29:04">
  <properties>
    <property name="sun.boot.library.path.ivy.instance" value="/usr/lib/jvm/java-11-openjdk-amd64/lib" />
    <property name="java.specification.version" value="11" />
    <property name="java.specification.version.ivy.instance" value="11" />
    <property name="sun.cpu.isalist" value="" />
    <property name="sun.cpu.endian.ivy.instance" value="little" />
    <property name="config.lib.dir" value="lib" />
    <property name="manual.filename.prefix" value="jedit5.6.0manual-" />
    <property name="sun.arch.data.model" value="64" />
    <property name="ivy.home" value="/home/pb4000/.ivy2" />
    <property name="java.vendor.url" value="https://ubuntu.com/" />
    <property name="java.version.ivy.instance" value="11.0.11" />
    <property name="ivy.default.conf.dir.ivy.instance" value="jar:file:/mnt/c/Users/pb400/Code/School/Fall%202021/CS%20471/HW%204/jEdit/lib/ivy/ivy-2.2.0.jar!/org/apache/ivy/core/settings" />
    <property name="ivy.conf.dir" value="/mnt/c/Users/pb400/Code/School/Fall 2021/CS 471/HW 4/jEdit/build" />
    <property name="sun.boot.library.path" value="/usr/lib/jvm/java-11-openjdk-amd64/lib" />
    <property name="os.version.ivy.instance" value="5.4.72-microsoft-standard-WSL2" />
    <property name="sun.java.command" value="org.apache.tools.ant.taskdefs.optional.junit.JUnitTestRunner testsfile=/mnt/c/Users/pb400/Code/School/Fall 2021/CS 471/HW 4/jEdit/junittestcases13551495121567424638.properties skipNonTests=false filtertrace=true haltOnError=false haltOnFailure=false formatter=org.apache.tools.ant.taskdefs.optional.junit.SummaryJUnitResultFormatter showoutput=true outputtoformatters=true logfailedtests=true threadid=0 logtestlistenerevents=true formatter=org.apache.tools.ant.taskdefs.optional.junit.XMLJUnitResultFormatter,/mnt/c/Users/pb400/Code/School/Fall 2021/CS 471/HW 4/jEdit/build/test/raw-reports/IGNORETHIS.xml crashfile=/mnt/c/Users/pb400/Code/School/Fall 2021/CS 471/HW 4/jEdit/junitvmwatcher11787708450142775567.properties propsfile=/mnt/c/Users/pb400/Code/School/Fall 2021/CS 471/HW 4/jEdit/junit8626034968200736409.properties" />
    <property name="sun.jnu.encoding.ivy.instance" value="UTF-8" />
    <property name="user.dir.ivy.instance" value="/mnt/c/Users/pb400/Code/School/Fall 2021/CS 471/HW 4/jEdit" />
    <property name="ivy.retrieve.pattern.ivy.instance" value="/mnt/c/Users/pb400/Code/School/Fall 2021/CS 471/HW 4/jEdit/lib/[artifact]-[revision](-[classifier]).[ext]" />
    <property name="ivy.revision" value="working@DESKTOP-S1JCM1O" />
    <property name="jdk.debug" value="release" />
    <property name="java.specification.vendor" value="Oracle Corporation" />
    <property name="java.vm.version.ivy.instance" value="11.0.11+9-Ubuntu-0ubuntu2.20.04" />
    <property name="file.separator.ivy.instance" value="/" />
    <property name="java.version.date" value="2021-04-20" />
    <property name="java.home" value="/usr/lib/jvm/java-11-openjdk-amd64" />
    <property name="basedir" value="/mnt/c/Users/pb400/Code/School/Fall 2021/CS 471/HW 4/jEdit" />
    <property name="ivy.jar.file" value="/mnt/c/Users/pb400/Code/School/Fall 2021/CS 471/HW 4/jEdit/lib/ivy/ivy-2.2.0.jar" />
    <property name="java.specification.name" value="Java Platform API Specification" />
    <property name="java.vm.specification.vendor" value="Oracle Corporation" />
    <property name="user.timezone.ivy.instance" value="America/Denver" />
    <property name="ivy.conf.file" value="/mnt/c/Users/pb400/Code/School/Fall 2021/CS 471/HW 4/jEdit/build/ivysettings.xml" />
    <property name="ivy.resolve.default.type.filter.ivy.instance" value="*" />
    <property name="ivy.basedir.ivy.instance" value="/mnt/c/Users/pb400/Code/School/Fall 2021/CS 471/HW 4/jEdit" />
    <property name="ivy.default.ivy.user.dir" value="/home/pb4000/.ivy2" />
    <property name="ivy.lib.dir.ivy.instance" value="/mnt/c/Users/pb400/Code/School/Fall 2021/CS 471/HW 4/jEdit/lib" />
    <property name="sun.management.compiler" value="HotSpot 64-Bit Tiered Compilers" />
    <property name="ivy.cache.dir" value="/home/pb4000/.ivy2/cache" />
    <property name="java.runtime.version" value="11.0.11+9-Ubuntu-0ubuntu2.20.04" />
    <property name="init.done" value="true" />
    <property name="java.runtime.name.ivy.instance" value="OpenJDK Runtime Environment" />
    <property name="sun.io.unicode.encoding.ivy.instance" value="UnicodeLittle" />
    <property name="basedir.ivy.instance" value="/mnt/c/Users/pb400/Code/School/Fall 2021/CS 471/HW 4/jEdit" />
    <property name="file.encoding" value="UTF-8" />
    <property name="ivy.dep.file" value="ivy.xml" />
    <property name="os.name.ivy.instance" value="Linux" />
    <property name="user.language.ivy.instance" value="en" />
    <property name="ivy.settings.file" value="ivysettings.xml" />
    <property name="config.build.compilerarg" value="-Xlint:unchecked -Xlint:finally -Xlint:fallthrough -Xmaxwarns 1000" />
    <property name="java.vm.specification.version.ivy.instance" value="11" />
    <property name="ivy.local.default.ivy.pattern" value="[organisation]/[module]/[revision]/[type]s/[artifact].[ext]" />
    <property name="java.vendor.url.ivy.instance" value="https://ubuntu.com/" />
    <property name="line.separator.ivy.instance" value="&#xa;" />
    <property name="java.io.tmpdir" value="/tmp" />
    <property name="java.version" value="11.0.11" />
    <property name="ivy.resolved.file" value="/mnt/c/Users/pb400/Code/School/Fall 2021/CS 471/HW 4/jEdit/ivy.xml" />
    <property name="java.vm.specification.name.ivy.instance" value="Java Virtual Machine Specification" />
    <property name="ivy.settings.dir.ivy.instance" value="/mnt/c/Users/pb400/Code/School/Fall 2021/CS 471/HW 4/jEdit/build" />
    <property name="java.vm.specification.name" value="Java Virtual Machine Specification" />
    <property name="java.awt.printerjob" value="sun.print.PSPrinterJob" />
    <property name="sun.cpu.isalist.ivy.instance" value="" />
    <property name="file.encoding.ivy.instance" value="UTF-8" />
    <property name="lib.dir" value="/mnt/c/Users/pb400/Code/School/Fall 2021/CS 471/HW 4/jEdit/lib" />
    <property name="ivy.deliver.ivy.pattern" value="/mnt/c/Users/pb400/Code/School/Fall 2021/CS 471/HW 4/jEdit/distrib/[type]s/[artifact]-[revision](-[classifier]).[ext]" />
    <property name="ivy.status" value="integration" />
    <property name="ant.file.jedit" value="/mnt/c/Users/pb400/Code/School/Fall 2021/CS 471/HW 4/jEdit/build.xml" />
    <property name="java.library.path" value="/usr/java/packages/lib:/usr/lib/x86_64-linux-gnu/jni:/lib/x86_64-linux-gnu:/usr/lib/x86_64-linux-gnu:/usr/lib/jni:/lib:/usr/lib" />
    <property name="java.vendor" value="Ubuntu" />
    <property name="ivy.jar.present" value="true" />
    <property name="sun.arch.data.model.ivy.instance" value="64" />
    <property name="sun.io.unicode.encoding" value="UnicodeLittle" />
    <property name="ivy.default.ivy.user.dir.ivy.instance" value="/home/pb4000/.ivy2" />
    <property name="textAreaPackage" value="/mnt/c/Users/pb400/Code/School/Fall 2021/CS 471/HW 4/textarea" />
    <property name="ant.file.type" value="file" />
    <property name="ivy.configurations.ivy.instance" value="*" />
    <property name="java.io.tmpdir.ivy.instance" value="/tmp" />
    <property name="java.version.date.ivy.instance" value="2021-04-20" />
    <property name="ivy.default.settings.dir.ivy.instance" value="jar:file:/mnt/c/Users/pb400/Code/School/Fall%202021/CS%20471/HW%204/jEdit/lib/ivy/ivy-2.2.0.jar!/org/apache/ivy/core/settings" />
    <property name="ivy.shared.default.root" value="/home/pb4000/.ivy2/shared" />
    <property name="ivy.shared.default.ivy.pattern" value="[organisation]/[module]/[revision]/[type]s/[artifact].[ext]" />
    <property name="ivy.shared.default.ivy.pattern.ivy.instance" value="[organisation]/[module]/[revision]/[type]s/[artifact].[ext]" />
    <property name="ivy.jar.dir" value="/mnt/c/Users/pb400/Code/School/Fall 2021/CS 471/HW 4/jEdit/lib/ivy" />
    <property name="user.timezone" value="" />
    <property name="os.name" value="Linux" />
    <property name="java.vm.specification.version" value="11" />
    <property name="ivy.deps.changed" value="false" />
    <property name="config.build.nowarn" value="false" />
    <property name="target.java.version" value="11" />
    <property name="ivy.lib.dir" value="/mnt/c/Users/pb400/Code/School/Fall 2021/CS 471/HW 4/jEdit/lib" />
    <property name="user.home" value="/home/pb4000" />
    <property name="ant.file.type.jedit" value="file" />
    <property name="win.filename" value="jedit5.6.0install" />
    <property name="jar.location" value="/mnt/c/Users/pb400/Code/School/Fall 2021/CS 471/HW 4/jEdit/build" />
    <property name="sun.java.command.ivy.instance" value="org.apache.tools.ant.launch.Launcher -cp  run" />
    <property name="java.class.path.ivy.instance" value="/usr/share/ant/lib/ant-launcher.jar:/usr/share/ant/lib/ant-jmf.jar:/usr/share/ant/lib/ant-apache-bcel.jar:/usr/share/ant/lib/ant.jar:/usr/share/ant/lib/ant-commons-net.jar:/usr/share/ant/lib/ant-javamail.jar:/usr/share/ant/lib/ant-swing.jar:/usr/share/ant/lib/ant-apache-oro.jar:/usr/share/ant/lib/ant-apache-regexp.jar:/usr/share/ant/lib/ant-launcher.jar:/usr/share/ant/lib/ant-testutil.jar:/usr/share/ant/lib/ant-apache-xalan2.jar:/usr/share/ant/lib/ant-apache-log4j.jar:/usr/share/ant/lib/ant-antlr.jar:/usr/share/ant/lib/ant-junit.jar:/usr/share/ant/lib/ant-apache-resolver.jar:/usr/share/ant/lib/ant-xz.jar:/usr/share/ant/lib/ant-jsch.jar:/usr/share/ant/lib/ant-junit4.jar:/usr/share/ant/lib/ant-apache-bsf.jar:/usr/share/ant/lib/ant-jdepend.jar:/usr/share/ant/lib/ant-commons-logging.jar" />
    <property name="ivy.publish.src.artifacts.pattern.ivy.instance" value="/mnt/c/Users/pb400/Code/School/Fall 2021/CS 471/HW 4/jEdit/distrib/[type]s/[artifact]-[revision](-[classifier]).[ext]" />
    <property name="ivy.checksums" value="sha1,md5" />
    <property name="java.awt.graphicsenv" value="sun.awt.X11GraphicsEnvironment" />
    <property name="ivy.default.settings.dir" value="jar:file:/mnt/c/Users/pb400/Code/School/Fall%202021/CS%20471/HW%204/jEdit/lib/ivy/ivy-2.2.0.jar!/org/apache/ivy/core/settings" />
    <property name="ivy.version" value="2.2.0" />
    <property name="java.vm.info.ivy.instance" value="mixed mode" />
    <property name="ivy.distrib.dir" value="/mnt/c/Users/pb400/Code/School/Fall 2021/CS 471/HW 4/jEdit/distrib" />
    <property name="ant.library.dir.ivy.instance" value="/usr/share/ant/lib" />
    <property name="ivy.settings.url.ivy.instance" value="file:/mnt/c/Users/pb400/Code/School/Fall%202021/CS%20471/HW%204/jEdit/build/ivysettings.xml" />
    <property name="ivy.project.dir" value="/mnt/c/Users/pb400/Code/School/Fall 2021/CS 471/HW 4/jEdit" />
    <property name="ant.file" value="/mnt/c/Users/pb400/Code/School/Fall 2021/CS 471/HW 4/jEdit/build.xml" />
    <property name="awt.toolkit.ivy.instance" value="sun.awt.X11.XToolkit" />
    <property name="path.separator" value=":" />
    <property name="os.version" value="5.4.72-microsoft-standard-WSL2" />
    <property name="ivy.default.always.check.exact.revision.ivy.instance" value="false" />
    <property name="java.vm.name" value="OpenJDK 64-Bit Server VM" />
    <property name="ivy.buildlist.ivyfilepath" value="ivy.xml" />
    <property name="os.arch" value="amd64" />
    <property name="config.build.debuglevel" value="lines,vars,source" />
    <property name="ivy.shared.default.root.ivy.instance" value="/home/pb4000/.ivy2/shared" />
    <property name="ivy.deliver.ivy.pattern.ivy.instance" value="/mnt/c/Users/pb400/Code/School/Fall 2021/CS 471/HW 4/jEdit/distrib/[type]s/[artifact]-[revision](-[classifier]).[ext]" />
    <property name="java.vm.info" value="mixed mode" />
    <property name="ivy.conf.dir.ivy.instance" value="/mnt/c/Users/pb400/Code/School/Fall 2021/CS 471/HW 4/jEdit/build" />
    <property name="java.class.version" value="55.0" />
    <property name="ivy.jar.filename" value="ivy-2.2.0.jar" />
    <property name="ant.project.default-target" value="build" />
    <property name="ant.library.dir" value="/usr/share/ant/lib" />
    <property name="awt.toolkit" value="sun.awt.X11.XToolkit" />
    <property name="ivy.cache.dir.ivy.instance" value="/home/pb4000/.ivy2/cache" />
    <property name="ant.project.name" value="jedit" />
    <property name="jdk.debug.ivy.instance" value="release" />
    <property name="sun.jnu.encoding" value="UTF-8" />
    <property name="java.specification.name.ivy.instance" value="Java Platform API Specification" />
    <property name="ivy.settings.file.ivy.instance" value="/mnt/c/Users/pb400/Code/School/Fall 2021/CS 471/HW 4/jEdit/build/ivysettings.xml" />
    <property name="jar.filename" value="jedit.jar" />
    <property name="ivy.default.conf.dir" value="jar:file:/mnt/c/Users/pb400/Code/School/Fall%202021/CS%20471/HW%204/jEdit/lib/ivy/ivy-2.2.0.jar!/org/apache/ivy/core/settings" />
    <property name="java.runtime.version.ivy.instance" value="11.0.11+9-Ubuntu-0ubuntu2.20.04" />
    <property name="java.vm.specification.vendor.ivy.instance" value="Oracle Corporation" />
    <property name="ivy.local.default.artifact.pattern.ivy.instance" value="[organisation]/[module]/[revision]/[type]s/[artifact].[ext]" />
    <property name="ivy.build.artifacts.dir.ivy.instance" value="/mnt/c/Users/pb400/Code/School/Fall 2021/CS 471/HW 4/jEdit/build/artifacts" />
    <property name="ivy.settings.dir" value="/mnt/c/Users/pb400/Code/School/Fall 2021/CS 471/HW 4/jEdit/build" />
    <property name="config.ivy.version" value="2.2.0" />
    <property name="sun.java.launcher.ivy.instance" value="SUN_STANDARD" />
    <property name="ivy.local.default.root.ivy.instance" value="/home/pb4000/.ivy2/local" />
    <property name="java.awt.graphicsenv.ivy.instance" value="sun.awt.X11GraphicsEnvironment" />
    <property name="ivy.local.default.artifact.pattern" value="[organisation]/[module]/[revision]/[type]s/[artifact].[ext]" />
    <property name="mac.disk.image.filename" value="jedit5.6.0install.dmg" />
    <property name="java.class.version.ivy.instance" value="55.0" />
    <property name="jedit.version.final" value="true" />
    <property name="ivy.resolve.default.type.filter" value="*" />
    <property name="sun.management.compiler.ivy.instance" value="HotSpot 64-Bit Tiered Compilers" />
    <property name="ivy.cache.ttl.default.ivy.instance" value="10s" />
    <property name="file.separator" value="/" />
    <property name="java.vm.compressedOopsMode" value="Zero based" />
    <property name="ivy.dep.file.ivy.instance" value="ivy.xml" />
    <property name="line.separator" value="&#xa;" />
    <property name="ivy.organisation" value="org.jedit" />
    <property name="ivy.buildlist.ivyfilepath.ivy.instance" value="ivy.xml" />
    <property name="java.vm.compressedOopsMode.ivy.instance" value="Zero based" />
    <property name="src.archive.filename" value="jedit5.6.0source.tar.bz2" />
    <property name="user.name" value="pb4000" />
    <property name="sun.os.patch.level.ivy.instance" value="unknown" />
    <property name="ivy.publish.src.artifacts.pattern" value="/mnt/c/Users/pb400/Code/School/Fall 2021/CS 471/HW 4/jEdit/distrib/[type]s/[artifact]-[revision](-[classifier]).[ext]" />
    <property name="dist.dir" value="/mnt/c/Users/pb400/Code/School/Fall 2021/CS 471/HW 4/jEdit/dist" />
    <property name="build.dir" value="/mnt/c/Users/pb400/Code/School/Fall 2021/CS 471/HW 4/jEdit/build" />
    <property name="jedit.version" value="5.6.0" />
    <property name="ant.home" value="/usr/share/ant" />
    <property name="ivy.module" value="jedit" />
    <property name="sun.os.patch.level" value="unknown" />
    <property name="ivy.report.output.pattern" value="[organisation]-[module]-[conf].[ext]" />
    <property name="ant.version" value="Apache Ant(TM) version 1.10.7 compiled on October 24 2019" />
    <property name="ivy.log.modules.in.use" value="false" />
    <property name="ivy.nb.targets.copied" value="1" />
    <property name="ivy.conf.url.ivy.instance" value="file:/mnt/c/Users/pb400/Code/School/Fall%202021/CS%20471/HW%204/jEdit/build/ivysettings.xml" />
    <property name="classes.dir" value="/mnt/c/Users/pb400/Code/School/Fall 2021/CS 471/HW 4/jEdit/build/classes" />
    <property name="os.arch.ivy.instance" value="amd64" />
    <property name="java.library.path.ivy.instance" value="/usr/java/packages/lib:/usr/lib/x86_64-linux-gnu/jni:/lib/x86_64-linux-gnu:/usr/lib/x86_64-linux-gnu:/usr/lib/jni:/lib:/usr/lib" />
    <property name="ivy.shared.default.artifact.pattern.ivy.instance" value="[organisation]/[module]/[revision]/[type]s/[artifact].[ext]" />
    <property name="user.home.ivy.instance" value="/home/pb4000" />
    <property name="java.vendor.url.bug.ivy.instance" value="https://bugs.launchpad.net/ubuntu/+source/openjdk-lts" />
    <property name="ivy.local.default.root" value="/home/pb4000/.ivy2/local" />
    <property name="java.class.path" value="/mnt/c/Users/pb400/Code/School/Fall 2021/CS 471/HW 4/jEdit/lib/test/apiguardian-api.jar:/mnt/c/Users/pb400/Code/School/Fall 2021/CS 471/HW 4/jEdit/lib/test/byte-buddy-agent.jar:/mnt/c/Users/pb400/Code/School/Fall 2021/CS 471/HW 4/jEdit/lib/test/byte-buddy.jar:/mnt/c/Users/pb400/Code/School/Fall 2021/CS 471/HW 4/jEdit/lib/test/hamcrest-core.jar:/mnt/c/Users/pb400/Code/School/Fall 2021/CS 471/HW 4/jEdit/lib/test/hamcrest-library.jar:/mnt/c/Users/pb400/Code/School/Fall 2021/CS 471/HW 4/jEdit/lib/test/hamcrest.jar:/mnt/c/Users/pb400/Code/School/Fall 2021/CS 471/HW 4/jEdit/lib/test/jsr305.jar:/mnt/c/Users/pb400/Code/School/Fall 2021/CS 471/HW 4/jEdit/lib/test/junit-jupiter-api.jar:/mnt/c/Users/pb400/Code/School/Fall 2021/CS 471/HW 4/jEdit/lib/test/junit-platform-commons.jar:/mnt/c/Users/pb400/Code/School/Fall 2021/CS 471/HW 4/jEdit/lib/test/junit.jar:/mnt/c/Users/pb400/Code/School/Fall 2021/CS 471/HW 4/jEdit/lib/test/mockito-core.jar:/mnt/c/Users/pb400/Code/School/Fall 2021/CS 471/HW 4/jEdit/lib/test/mockito-junit-jupiter.jar:/mnt/c/Users/pb400/Code/School/Fall 2021/CS 471/HW 4/jEdit/lib/test/objenesis.jar:/mnt/c/Users/pb400/Code/School/Fall 2021/CS 471/HW 4/jEdit/lib/test/opentest4j.jar:/mnt/c/Users/pb400/Code/School/Fall 2021/CS 471/HW 4/jEdit/build/classes/core:/mnt/c/Users/pb400/Code/School/Fall 2021/CS 471/HW 4/jEdit/build/classes/test:/usr/share/ant/lib/ant.jar:/usr/share/ant/lib/ant-junit.jar:/usr/share/ant/lib/ant-junit4.jar" />
    <property name="java.vm.vendor" value="Ubuntu" />
    <property name="java.awt.printerjob.ivy.instance" value="sun.print.PSPrinterJob" />
    <property name="java.vendor.ivy.instance" value="Ubuntu" />
    <property name="ivy.project.dir.ivy.instance" value="/mnt/c/Users/pb400/Code/School/Fall 2021/CS 471/HW 4/jEdit" />
    <property name="config.build.deprecation" value="true" />
    <property name="ivy.status.ivy.instance" value="integration" />
    <property name="sun.java.launcher" value="SUN_STANDARD" />
    <property name="jedit.build.number" value="05.06.99.00" />
    <property name="ivy.retrieve.pattern" value="/mnt/c/Users/pb400/Code/School/Fall 2021/CS 471/HW 4/jEdit/lib/[conf]/[artifact](-[classifier]).[ext]" />
    <property name="sun.cpu.endian" value="little" />
    <property name="user.language" value="en" />
    <property name="ivy.checksums.ivy.instance" value="sha1,md5" />
    <property name="config.dist.dir" value="dist" />
    <property name="ivy.home.ivy.instance" value="/home/pb4000/.ivy2" />
    <property name="user.name.ivy.instance" value="pb4000" />
    <property name="ant.java.version" value="11" />
    <property name="ivy.conf.file.ivy.instance" value="/mnt/c/Users/pb400/Code/School/Fall 2021/CS 471/HW 4/jEdit/build/ivysettings.xml" />
    <property name="ivy.basedir" value="/mnt/c/Users/pb400/Code/School/Fall 2021/CS 471/HW 4/jEdit" />
    <property name="java.vm.vendor.ivy.instance" value="Ubuntu" />
    <property name="ant.home.ivy.instance" value="/usr/share/ant" />
    <property name="ivy.cache.ttl.default" value="10s" />
    <property name="java.vm.name.ivy.instance" value="OpenJDK 64-Bit Server VM" />
    <property name="ivy.resolver.default.check.modified.ivy.instance" value="false" />
    <property name="java.specification.vendor.ivy.instance" value="Oracle Corporation" />
    <property name="ivy.configurations" value="*" />
    <property name="ivy.default.always.check.exact.revision" value="false" />
    <property name="java.runtime.name" value="OpenJDK Runtime Environment" />
    <property name="ivy.distrib.dir.ivy.instance" value="/mnt/c/Users/pb400/Code/School/Fall 2021/CS 471/HW 4/jEdit/distrib" />
    <property name="ant.project.invoked-targets" value="run" />
    <property name="ant.core.lib" value="/usr/share/ant/lib/ant.jar" />
    <property name="java.vendor.url.bug" value="https://bugs.launchpad.net/ubuntu/+source/openjdk-lts" />
    <property name="user.dir" value="/mnt/c/Users/pb400/Code/School/Fall 2021/CS 471/HW 4/jEdit" />
    <property name="ivy.done" value="true" />
    <property name="path.separator.ivy.instance" value=":" />
    <property name="config.build.dir" value="build" />
    <property name="ivy.local.default.ivy.pattern.ivy.instance" value="[organisation]/[module]/[revision]/[type]s/[artifact].[ext]" />
    <property name="ivy.report.output.pattern.ivy.instance" value="[organisation]-[module]-[conf].[ext]" />
    <property name="ivy.resolver.default.check.modified" value="false" />
    <property name="ivy.targets.copied" value="true" />
    <property name="ivy.log.modules.in.use.ivy.instance" value="false" />
    <property name="java.vm.version" value="11.0.11+9-Ubuntu-0ubuntu2.20.04" />
    <property name="java.home.ivy.instance" value="/usr/lib/jvm/java-11-openjdk-amd64" />
    <property name="dist.jar.filename" value="jedit5.6.0install.jar" />
    <property name="ivy.settings.url" value="file:/mnt/c/Users/pb400/Code/School/Fall%202021/CS%20471/HW%204/jEdit/build/ivysettings.xml" />
    <property name="ivy.shared.default.artifact.pattern" value="[organisation]/[module]/[revision]/[type]s/[artifact].[ext]" />
    <property name="ivy.resolved.configurations" value="default, master, compile, runtime, test, provided, sources, javadoc, ant-contrib, docbook, fop, launch4j, scripting, default-plugins, appbundler" />
    <property name="ivy.build.artifacts.dir" value="/mnt/c/Users/pb400/Code/School/Fall 2021/CS 471/HW 4/jEdit/build/artifacts" />
    <property name="ivy.conf.url" value="file:/mnt/c/Users/pb400/Code/School/Fall%202021/CS%20471/HW%204/jEdit/build/ivysettings.xml" />
  </properties>
  <testcase classname="org.gjt.sp.util.SyntaxUtilitiesTest" name="parseColorRed" time="0.001" />
  <testcase classname="org.gjt.sp.util.SyntaxUtilitiesTest" name="parseStyleError2" time="0.0" />
  <testcase classname="org.gjt.sp.util.SyntaxUtilitiesTest" name="parseStyle" time="0.0" />
  <testcase classname="org.gjt.sp.util.SyntaxUtilitiesTest" name="parseStyleError" time="0.001" />
  <testcase classname="org.gjt.sp.util.SyntaxUtilitiesTest" name="parseColorBLue" time="0.0" />
  <testcase classname="org.gjt.sp.util.SyntaxUtilitiesTest" name="parseColorCyan" time="0.0" />
  <testcase classname="org.gjt.sp.util.SyntaxUtilitiesTest" name="parseColorGray" time="0.0" />
  <testcase classname="org.gjt.sp.util.SyntaxUtilitiesTest" name="parseColorNull" time="0.0" />
  <testcase classname="org.gjt.sp.util.SyntaxUtilitiesTest" name="parseColorPink" time="0.0" />
  <testcase classname="org.gjt.sp.util.SyntaxUtilitiesTest" name="parseColorWhat" time="0.0" />
  <testcase classname="org.gjt.sp.util.SyntaxUtilitiesTest" name="parseColorRedAlpha" time="0.0" />
  <testcase classname="org.gjt.sp.util.SyntaxUtilitiesTest" name="parseColorRedNoAlpha" time="0.0" />
  <testcase classname="org.gjt.sp.util.SyntaxUtilitiesTest" name="loadStyles" time="0.008" />
  <testcase classname="org.gjt.sp.util.SyntaxUtilitiesTest" name="parseColorBlack" time="0.0" />
  <testcase classname="org.gjt.sp.util.SyntaxUtilitiesTest" name="parseColorError" time="0.0" />
  <testcase classname="org.gjt.sp.util.SyntaxUtilitiesTest" name="parseColorGreen" time="0.001" />
  <testcase classname="org.gjt.sp.util.SyntaxUtilitiesTest" name="parseColorWhite" time="0.0" />
  <testcase classname="org.gjt.sp.util.SyntaxUtilitiesTest" name="parseColorOrange" time="0.0" />
  <testcase classname="org.gjt.sp.util.SyntaxUtilitiesTest" name="parseColorMagenta" time="0.0" />
  <testcase classname="org.gjt.sp.util.SyntaxUtilitiesTest" name="parseColorYellow" time="0.0" />
  <testcase classname="org.gjt.sp.util.SyntaxUtilitiesTest" name="getColorHexStringRed" time="0.0" />
  <testcase classname="org.gjt.sp.util.SyntaxUtilitiesTest" name="getColorHexString" time="0.0" />
  <testcase classname="org.gjt.sp.util.SyntaxUtilitiesTest" name="parseColorDarkGray" time="0.0" />
  <testcase classname="org.gjt.sp.util.SyntaxUtilitiesTest" name="parseColorlightGray" time="0.0" />
  <system-out><![CDATA[]]></system-out>
  <system-err><![CDATA[]]></system-err>
</testsuite>
